[2025-09-30 11:43:27,701] 160 numexpr.utils - INFO - NumExpr defaulting to 4 threads.
[2025-09-30 11:43:35,527] 18 root - INFO - Initiate data ingestion
[2025-09-30 11:43:56,178] 54 root - INFO - MongoDB connection closed.
[2025-09-30 11:43:57,369] 74 root - INFO - performed train test split
[2025-09-30 11:43:57,369] 75 root - INFO - Exited split data
[2025-09-30 11:43:57,369] 78 root - INFO - exporting train test file path
[2025-09-30 11:43:57,369] 80 root - INFO - Performed train test split on dataframe with shape: (20000, 50)
[2025-09-30 11:43:57,369] 81 root - INFO - Train set has shape: (16000, 50)
[2025-09-30 11:43:57,369] 82 root - INFO - Test set has shape: (4000, 50)
[2025-09-30 11:43:58,484] 89 root - INFO - exported train test files
[2025-09-30 11:43:58,484] 20 root - INFO - data initiation completed
[2025-09-30 11:43:58,492] 24 root - INFO - initiating the data validation
[2025-09-30 11:43:58,864] 40 root - INFO - Required number of columns: 50
[2025-09-30 11:43:58,864] 41 root - INFO - Dataframe has columns: 50
[2025-09-30 11:43:58,864] 40 root - INFO - Required number of columns: 50
[2025-09-30 11:43:58,864] 41 root - INFO - Dataframe has columns: 50
[2025-09-30 11:43:59,460] 110 root - WARNING - Data drift detected between train and test datasets.
[2025-09-30 11:44:00,756] 134 root - INFO - Data validation artifact: DataValidationArtifact(validation_status=False, valid_train_file_path='Artifacts\\09_30_2025_11_43_28\\data_validation\\validated\\train.csv', valid_test_file_path='Artifacts\\09_30_2025_11_43_28\\data_validation\\validated\\test.csv', invalid_train_file_path=None, invalid_test_file_path=None, drift_report_file_path='Artifacts\\09_30_2025_11_43_28\\data_validation\\drift_report\\report.yml')
[2025-09-30 11:44:00,756] 26 root - INFO - data validation completed
[2025-09-30 11:44:00,756] 28 root - INFO - data validation completed
[2025-09-30 11:44:00,756] 30 root - INFO - data transformation initiated
[2025-09-30 11:44:00,756] 45 root - INFO - entered initiate data transformation method
[2025-09-30 11:44:00,756] 47 root - INFO - starting data transformation
[2025-09-30 11:44:01,019] 34 root - INFO - entered get transformer object method
