[2025-09-30 11:53:27,423] 160 numexpr.utils - INFO - NumExpr defaulting to 4 threads.
[2025-09-30 11:53:33,919] 18 root - INFO - Initiate data ingestion
[2025-09-30 11:53:57,286] 54 root - INFO - MongoDB connection closed.
[2025-09-30 11:53:58,507] 74 root - INFO - performed train test split
[2025-09-30 11:53:58,507] 75 root - INFO - Exited split data
[2025-09-30 11:53:58,515] 78 root - INFO - exporting train test file path
[2025-09-30 11:53:58,515] 80 root - INFO - Performed train test split on dataframe with shape: (20000, 50)
[2025-09-30 11:53:58,515] 81 root - INFO - Train set has shape: (16000, 50)
[2025-09-30 11:53:58,518] 82 root - INFO - Test set has shape: (4000, 50)
[2025-09-30 11:53:59,815] 89 root - INFO - exported train test files
[2025-09-30 11:53:59,832] 20 root - INFO - data initiation completed
[2025-09-30 11:53:59,840] 24 root - INFO - initiating the data validation
[2025-09-30 11:54:00,301] 40 root - INFO - Required number of columns: 50
[2025-09-30 11:54:00,301] 41 root - INFO - Dataframe has columns: 50
[2025-09-30 11:54:00,301] 40 root - INFO - Required number of columns: 50
[2025-09-30 11:54:00,301] 41 root - INFO - Dataframe has columns: 50
[2025-09-30 11:54:02,044] 134 root - INFO - Data validation artifact: DataValidationArtifact(validation_status=True, valid_train_file_path='Artifacts\\09_30_2025_11_53_28\\data_validation\\validated\\train.csv', valid_test_file_path='Artifacts\\09_30_2025_11_53_28\\data_validation\\validated\\test.csv', invalid_train_file_path=None, invalid_test_file_path=None, drift_report_file_path='Artifacts\\09_30_2025_11_53_28\\data_validation\\drift_report\\report.yml')
[2025-09-30 11:54:02,052] 26 root - INFO - data validation completed
[2025-09-30 11:54:02,052] 28 root - INFO - data validation completed
[2025-09-30 11:54:02,052] 30 root - INFO - data transformation initiated
[2025-09-30 11:54:02,052] 45 root - INFO - entered initiate data transformation method
[2025-09-30 11:54:02,052] 47 root - INFO - starting data transformation
[2025-09-30 11:54:02,312] 34 root - INFO - entered get transformer object method
[2025-09-30 11:54:02,312] 37 root - INFO - initialised knn imputer
[2025-09-30 11:54:02,353] 39 root - INFO - entered the save object method
[2025-09-30 11:54:02,369] 43 root - INFO - exited save object
[2025-09-30 11:54:02,369] 34 root - INFO - data transformation completed
